<?xml version="1.0" encoding="UTF-8"?>
<!-- Generated by org.testng.reporters.JUnitXMLReporter -->
<testsuite ignored="26" hostname="Matts-MBP" failures="1" tests="2" name="Command line test" time="182.622" errors="0" timestamp="2022-11-02T23:18:43 PDT">
  <testcase classname="re.tests.GetQuotePublicDataTest" name="getQuotePublicData" time="80.034">
    <failure type="org.openqa.selenium.NoSuchElementException" message="no such element: Unable to locate element: {&amp;quot;method&amp;quot;:&amp;quot;xpath&amp;quot;,&amp;quot;selector&amp;quot;:&amp;quot;//*[@id=&amp;quot;container-1d368398d6&amp;quot;]/div/div/div/div[5]/div/div[5]/div[2]/div[1]/div[2]/div[3]/div[2]/a/div/span&amp;quot;}
  (Session info: chrome=107.0.5304.87)
For documentation on this error, please visit: https://selenium.dev/exceptions/#no_such_element
Build info: version: &amp;apos;4.1.1&amp;apos;, revision: &amp;apos;e8fcc2cecf&amp;apos;
System info: host: &amp;apos;Matts-MBP&amp;apos;, ip: &amp;apos;2600:8802:170d:5000:0:0:0:7157%en0&amp;apos;, os.name: &amp;apos;Mac OS X&amp;apos;, os.arch: &amp;apos;aarch64&amp;apos;, os.version: &amp;apos;13.0&amp;apos;, java.version: &amp;apos;19&amp;apos;
Driver info: org.openqa.selenium.chrome.ChromeDriver
Command: [be5bcc4f463b571e209894ab6d923150, findElement {using=xpath, value=//*[@id=&amp;quot;container-1d368398d6&amp;quot;]/div/div/div/div[5]/div/div[5]/div[2]/div[1]/div[2]/div[3]/div[2]/a/div/span}]
Capabilities {acceptInsecureCerts: false, browserName: chrome, browserVersion: 107.0.5304.87, chrome: {chromedriverVersion: 107.0.5304.62 (1eec40d3a576..., userDataDir: /var/folders/tl/cz3zsyk91m1...}, goog:chromeOptions: {debuggerAddress: localhost:57794}, javascriptEnabled: true, networkConnectionEnabled: false, pageLoadStrategy: normal, platform: MAC, platformName: MAC, proxy: Proxy(), se:cdp: ws://localhost:57794/devtoo..., se:cdpVersion: 107.0.5304.87, setWindowRect: true, strictFileInteractability: false, timeouts: {implicit: 0, pageLoad: 300000, script: 30000}, unhandledPromptBehavior: dismiss and notify, webauthn:extension:credBlob: true, webauthn:extension:largeBlob: true, webauthn:virtualAuthenticators: true}
Session ID: be5bcc4f463b571e209894ab6d923150">
      <![CDATA[org.openqa.selenium.NoSuchElementException: no such element: Unable to locate element: {"method":"xpath","selector":"//*[@id="container-1d368398d6"]/div/div/div/div[5]/div/div[5]/div[2]/div[1]/div[2]/div[3]/div[2]/a/div/span"}
  (Session info: chrome=107.0.5304.87)
For documentation on this error, please visit: https://selenium.dev/exceptions/#no_such_element
Build info: version: '4.1.1', revision: 'e8fcc2cecf'
System info: host: 'Matts-MBP', ip: '2600:8802:170d:5000:0:0:0:7157%en0', os.name: 'Mac OS X', os.arch: 'aarch64', os.version: '13.0', java.version: '19'
Driver info: org.openqa.selenium.chrome.ChromeDriver
Command: [be5bcc4f463b571e209894ab6d923150, findElement {using=xpath, value=//*[@id="container-1d368398d6"]/div/div/div/div[5]/div/div[5]/div[2]/div[1]/div[2]/div[3]/div[2]/a/div/span}]
Capabilities {acceptInsecureCerts: false, browserName: chrome, browserVersion: 107.0.5304.87, chrome: {chromedriverVersion: 107.0.5304.62 (1eec40d3a576..., userDataDir: /var/folders/tl/cz3zsyk91m1...}, goog:chromeOptions: {debuggerAddress: localhost:57794}, javascriptEnabled: true, networkConnectionEnabled: false, pageLoadStrategy: normal, platform: MAC, platformName: MAC, proxy: Proxy(), se:cdp: ws://localhost:57794/devtoo..., se:cdpVersion: 107.0.5304.87, setWindowRect: true, strictFileInteractability: false, timeouts: {implicit: 0, pageLoad: 300000, script: 30000}, unhandledPromptBehavior: dismiss and notify, webauthn:extension:credBlob: true, webauthn:extension:largeBlob: true, webauthn:virtualAuthenticators: true}
Session ID: be5bcc4f463b571e209894ab6d923150
at org.openqa.selenium.remote.codec.w3c.W3CHttpResponseCodec.createException(W3CHttpResponseCodec.java:200)
at org.openqa.selenium.remote.codec.w3c.W3CHttpResponseCodec.decode(W3CHttpResponseCodec.java:133)
at org.openqa.selenium.remote.codec.w3c.W3CHttpResponseCodec.decode(W3CHttpResponseCodec.java:53)
at org.openqa.selenium.remote.HttpCommandExecutor.execute(HttpCommandExecutor.java:184)
at org.openqa.selenium.remote.service.DriverCommandExecutor.invokeExecute(DriverCommandExecutor.java:167)
at org.openqa.selenium.remote.service.DriverCommandExecutor.execute(DriverCommandExecutor.java:142)
at org.openqa.selenium.remote.RemoteWebDriver.execute(RemoteWebDriver.java:543)
at org.openqa.selenium.remote.ElementLocation$ElementFinder$2.findElement(ElementLocation.java:162)
at org.openqa.selenium.remote.ElementLocation.findElement(ElementLocation.java:60)
at org.openqa.selenium.remote.RemoteWebDriver.findElement(RemoteWebDriver.java:367)
at org.openqa.selenium.remote.RemoteWebDriver.findElement(RemoteWebDriver.java:359)
at org.openqa.selenium.support.pagefactory.DefaultElementLocator.findElement(DefaultElementLocator.java:70)
at org.openqa.selenium.support.pagefactory.internal.LocatingElementHandler.invoke(LocatingElementHandler.java:39)
at jdk.proxy2/jdk.proxy2.$Proxy14.click(Unknown Source)
at re.pages.GetQuotePublicDataPage.getSeaHarborPageTitle(GetQuotePublicDataPage.java:175)
at re.tests.GetQuotePublicDataTest.getQuotePublicData(GetQuotePublicDataTest.java:28)
at java.base/java.util.ArrayList.forEach(ArrayList.java:1511)
... Removed 36 stack frames]]>
    </failure>
  </testcase> <!-- getQuotePublicData -->
  <testcase classname="re.tests.GetQuoteManuallyTest" name="getQuoteManually" time="50.609"/>
  <testcase classname="com.amaxinsurance.tests.CareersPageTest" name="verifyPageTitle" time="0.0">
    <ignored/>
  </testcase> <!-- verifyPageTitle -->
  <testcase classname="com.amaxinsurance.tests.HomeownersQuotePageTest" name="verifyPageTitle" time="0.0">
    <ignored/>
  </testcase> <!-- verifyPageTitle -->
  <testcase classname="com.amaxinsurance.tests.FaQsPageTest" name="verifyPageTitle" time="0.0">
    <ignored/>
  </testcase> <!-- verifyPageTitle -->
  <testcase classname="com.amaxinsurance.tests.ReferAFriendPageTest" name="verifyPageTitle" time="0.0">
    <ignored/>
  </testcase> <!-- verifyPageTitle -->
  <testcase classname="com.amaxinsurance.tests.BlogPageTest" name="verifyPageTitle" time="0.0">
    <ignored/>
  </testcase> <!-- verifyPageTitle -->
  <testcase classname="com.amaxinsurance.tests.MakeAPaymentPageTest" name="verifyPageTitle" time="0.0">
    <ignored/>
  </testcase> <!-- verifyPageTitle -->
  <testcase classname="com.amaxinsurance.tests.MexicoTouristQuotePageTest" name="verifyPageTitle" time="0.0">
    <ignored/>
  </testcase> <!-- verifyPageTitle -->
  <testcase classname="com.amaxinsurance.tests.RVQuotePageTest" name="verifyPageTitle" time="0.0">
    <ignored/>
  </testcase> <!-- verifyPageTitle -->
  <testcase classname="com.amaxinsurance.tests.BoatsAndWatercraftPageQuoteTest" name="verifyPageTitle" time="0.0">
    <ignored/>
  </testcase> <!-- verifyPageTitle -->
  <testcase classname="com.budgetandvarianceapp.tests.BudgetAndVarianceHomePageTest" name="getPageTitleTest" time="0.0">
    <ignored/>
  </testcase> <!-- getPageTitleTest -->
  <testcase classname="com.audit.amaxinsurance.tests.UnderWritingPageTest" name="checkUnderWritingPageTitleTest" time="0.0">
    <ignored/>
  </testcase> <!-- checkUnderWritingPageTitleTest -->
  <testcase classname="com.amaxinsurance.tests.ContactUsPageTest" name="verifyPageTitle" time="0.0">
    <ignored/>
  </testcase> <!-- verifyPageTitle -->
  <testcase classname="com.amaxinsurance.tests.RentersQuotePageTest" name="verifyPageTitle" time="0.0">
    <ignored/>
  </testcase> <!-- verifyPageTitle -->
  <testcase classname="com.amaxinsurance.tests.FindAnOfficePageTest" name="verifyPageTitle" time="0.0">
    <ignored/>
  </testcase> <!-- verifyPageTitle -->
  <testcase classname="com.amaxinsurance.tests.SuretyBondQuotePageTest" name="verifyPageTitle" time="0.0">
    <ignored/>
  </testcase> <!-- verifyPageTitle -->
  <testcase classname="com.amaxinsurance.tests.GeneralLiabilityQuotePageTest" name="verifyPageTitle" time="0.0">
    <ignored/>
  </testcase> <!-- verifyPageTitle -->
  <testcase classname="com.amaxinsurance.tests.MakaAClaimPageTest" name="verifyPageTitle" time="0.0">
    <ignored/>
  </testcase> <!-- verifyPageTitle -->
  <testcase classname="com.amaxinsurance.tests.CommercialAutoQuotePageTest" name="verifyPageTitle" time="0.0">
    <ignored/>
  </testcase> <!-- verifyPageTitle -->
  <testcase classname="com.amaxinsurance.tests.NotaryServicesQuotePageTest" name="verifyPageTitle" time="0.0">
    <ignored/>
  </testcase> <!-- verifyPageTitle -->
  <testcase classname="com.amaxinsurance.tests.NewsAndEventsPageTest" name="verifyPageTitle" time="0.0">
    <ignored/>
  </testcase> <!-- verifyPageTitle -->
  <testcase classname="com.amaxinsurance.tests.OurCompanyPageTest" name="verifyPageTitle" time="0.0">
    <ignored/>
  </testcase> <!-- verifyPageTitle -->
  <testcase classname="com.amaxinsurance.tests.Sr22QuotePageTest" name="verifyPageTitle" time="0.0">
    <ignored/>
  </testcase> <!-- verifyPageTitle -->
  <testcase classname="com.ref.amaxinsurance.winback.tests.ReferenceReportPageTitleTest" name="pageTitleWinbackTest" time="0.0">
    <ignored/>
  </testcase> <!-- pageTitleWinbackTest -->
  <testcase classname="com.amaxinsurance.tests.MotorCycleQuotePageTest" name="verifyPageTitle" time="0.0">
    <ignored/>
  </testcase> <!-- verifyPageTitle -->
  <testcase classname="com.amaxinsurance.tests.MobileHomeQuotePageTest" name="verifyPageTitle" time="0.0">
    <ignored/>
  </testcase> <!-- verifyPageTitle -->
  <testcase classname="com.audit.amaxinsurance.tests.UnderWritingPageTest" name="loginUnderWritingPortalTest" time="0.0">
    <ignored/>
  </testcase> <!-- loginUnderWritingPortalTest -->
</testsuite> <!-- Command line test -->
